This is pdfTeX, Version 3.14159265-2.6-1.40.15 (TeX Live 2014) (preloaded format=pdflatex 2014.12.22)  6 SEP 2015 21:20
entering extended mode
 restricted \write18 enabled.
 %&-line parsing enabled.
**informe.tex
(./informe.tex
LaTeX2e <2014/05/01>
Babel <3.9l> and hyphenation patterns for 79 languages loaded.
(/usr/local/texlive/2014/texmf-dist/tex/latex/base/article.cls
Document Class: article 2014/09/29 v1.4h Standard LaTeX document class
(/usr/local/texlive/2014/texmf-dist/tex/latex/base/size11.clo
File: size11.clo 2014/09/29 v1.4h Standard LaTeX file (size option)
)
\c@part=\count79
\c@section=\count80
\c@subsection=\count81
\c@subsubsection=\count82
\c@paragraph=\count83
\c@subparagraph=\count84
\c@figure=\count85
\c@table=\count86
\abovecaptionskip=\skip41
\belowcaptionskip=\skip42
\bibindent=\dimen102
)
(/usr/local/texlive/2014/texmf-dist/tex/latex/base/inputenc.sty
Package: inputenc 2014/04/30 v1.2b Input encoding file
\inpenc@prehook=\toks14
\inpenc@posthook=\toks15

(/usr/local/texlive/2014/texmf-dist/tex/latex/base/utf8.def
File: utf8.def 2014/09/29 v1.1m UTF-8 support for inputenc
Now handling font encoding OML ...
... no UTF-8 mapping file for font encoding OML
Now handling font encoding T1 ...
... processing UTF-8 mapping file for font encoding T1

(/usr/local/texlive/2014/texmf-dist/tex/latex/base/t1enc.dfu
File: t1enc.dfu 2014/09/29 v1.1m UTF-8 support for inputenc
   defining Unicode char U+00A1 (decimal 161)
   defining Unicode char U+00A3 (decimal 163)
   defining Unicode char U+00AB (decimal 171)
   defining Unicode char U+00BB (decimal 187)
   defining Unicode char U+00BF (decimal 191)
   defining Unicode char U+00C0 (decimal 192)
   defining Unicode char U+00C1 (decimal 193)
   defining Unicode char U+00C2 (decimal 194)
   defining Unicode char U+00C3 (decimal 195)
   defining Unicode char U+00C4 (decimal 196)
   defining Unicode char U+00C5 (decimal 197)
   defining Unicode char U+00C6 (decimal 198)
   defining Unicode char U+00C7 (decimal 199)
   defining Unicode char U+00C8 (decimal 200)
   defining Unicode char U+00C9 (decimal 201)
   defining Unicode char U+00CA (decimal 202)
   defining Unicode char U+00CB (decimal 203)
   defining Unicode char U+00CC (decimal 204)
   defining Unicode char U+00CD (decimal 205)
   defining Unicode char U+00CE (decimal 206)
   defining Unicode char U+00CF (decimal 207)
   defining Unicode char U+00D0 (decimal 208)
   defining Unicode char U+00D1 (decimal 209)
   defining Unicode char U+00D2 (decimal 210)
   defining Unicode char U+00D3 (decimal 211)
   defining Unicode char U+00D4 (decimal 212)
   defining Unicode char U+00D5 (decimal 213)
   defining Unicode char U+00D6 (decimal 214)
   defining Unicode char U+00D8 (decimal 216)
   defining Unicode char U+00D9 (decimal 217)
   defining Unicode char U+00DA (decimal 218)
   defining Unicode char U+00DB (decimal 219)
   defining Unicode char U+00DC (decimal 220)
   defining Unicode char U+00DD (decimal 221)
   defining Unicode char U+00DE (decimal 222)
   defining Unicode char U+00DF (decimal 223)
   defining Unicode char U+00E0 (decimal 224)
   defining Unicode char U+00E1 (decimal 225)
   defining Unicode char U+00E2 (decimal 226)
   defining Unicode char U+00E3 (decimal 227)
   defining Unicode char U+00E4 (decimal 228)
   defining Unicode char U+00E5 (decimal 229)
   defining Unicode char U+00E6 (decimal 230)
   defining Unicode char U+00E7 (decimal 231)
   defining Unicode char U+00E8 (decimal 232)
   defining Unicode char U+00E9 (decimal 233)
   defining Unicode char U+00EA (decimal 234)
   defining Unicode char U+00EB (decimal 235)
   defining Unicode char U+00EC (decimal 236)
   defining Unicode char U+00ED (decimal 237)
   defining Unicode char U+00EE (decimal 238)
   defining Unicode char U+00EF (decimal 239)
   defining Unicode char U+00F0 (decimal 240)
   defining Unicode char U+00F1 (decimal 241)
   defining Unicode char U+00F2 (decimal 242)
   defining Unicode char U+00F3 (decimal 243)
   defining Unicode char U+00F4 (decimal 244)
   defining Unicode char U+00F5 (decimal 245)
   defining Unicode char U+00F6 (decimal 246)
   defining Unicode char U+00F8 (decimal 248)
   defining Unicode char U+00F9 (decimal 249)
   defining Unicode char U+00FA (decimal 250)
   defining Unicode char U+00FB (decimal 251)
   defining Unicode char U+00FC (decimal 252)
   defining Unicode char U+00FD (decimal 253)
   defining Unicode char U+00FE (decimal 254)
   defining Unicode char U+00FF (decimal 255)
   defining Unicode char U+0102 (decimal 258)
   defining Unicode char U+0103 (decimal 259)
   defining Unicode char U+0104 (decimal 260)
   defining Unicode char U+0105 (decimal 261)
   defining Unicode char U+0106 (decimal 262)
   defining Unicode char U+0107 (decimal 263)
   defining Unicode char U+010C (decimal 268)
   defining Unicode char U+010D (decimal 269)
   defining Unicode char U+010E (decimal 270)
   defining Unicode char U+010F (decimal 271)
   defining Unicode char U+0110 (decimal 272)
   defining Unicode char U+0111 (decimal 273)
   defining Unicode char U+0118 (decimal 280)
   defining Unicode char U+0119 (decimal 281)
   defining Unicode char U+011A (decimal 282)
   defining Unicode char U+011B (decimal 283)
   defining Unicode char U+011E (decimal 286)
   defining Unicode char U+011F (decimal 287)
   defining Unicode char U+0130 (decimal 304)
   defining Unicode char U+0131 (decimal 305)
   defining Unicode char U+0132 (decimal 306)
   defining Unicode char U+0133 (decimal 307)
   defining Unicode char U+0139 (decimal 313)
   defining Unicode char U+013A (decimal 314)
   defining Unicode char U+013D (decimal 317)
   defining Unicode char U+013E (decimal 318)
   defining Unicode char U+0141 (decimal 321)
   defining Unicode char U+0142 (decimal 322)
   defining Unicode char U+0143 (decimal 323)
   defining Unicode char U+0144 (decimal 324)
   defining Unicode char U+0147 (decimal 327)
   defining Unicode char U+0148 (decimal 328)
   defining Unicode char U+014A (decimal 330)
   defining Unicode char U+014B (decimal 331)
   defining Unicode char U+0150 (decimal 336)
   defining Unicode char U+0151 (decimal 337)
   defining Unicode char U+0152 (decimal 338)
   defining Unicode char U+0153 (decimal 339)
   defining Unicode char U+0154 (decimal 340)
   defining Unicode char U+0155 (decimal 341)
   defining Unicode char U+0158 (decimal 344)
   defining Unicode char U+0159 (decimal 345)
   defining Unicode char U+015A (decimal 346)
   defining Unicode char U+015B (decimal 347)
   defining Unicode char U+015E (decimal 350)
   defining Unicode char U+015F (decimal 351)
   defining Unicode char U+0160 (decimal 352)
   defining Unicode char U+0161 (decimal 353)
   defining Unicode char U+0162 (decimal 354)
   defining Unicode char U+0163 (decimal 355)
   defining Unicode char U+0164 (decimal 356)
   defining Unicode char U+0165 (decimal 357)
   defining Unicode char U+016E (decimal 366)
   defining Unicode char U+016F (decimal 367)
   defining Unicode char U+0170 (decimal 368)
   defining Unicode char U+0171 (decimal 369)
   defining Unicode char U+0178 (decimal 376)
   defining Unicode char U+0179 (decimal 377)
   defining Unicode char U+017A (decimal 378)
   defining Unicode char U+017B (decimal 379)
   defining Unicode char U+017C (decimal 380)
   defining Unicode char U+017D (decimal 381)
   defining Unicode char U+017E (decimal 382)
   defining Unicode char U+200C (decimal 8204)
   defining Unicode char U+2013 (decimal 8211)
   defining Unicode char U+2014 (decimal 8212)
   defining Unicode char U+2018 (decimal 8216)
   defining Unicode char U+2019 (decimal 8217)
   defining Unicode char U+201A (decimal 8218)
   defining Unicode char U+201C (decimal 8220)
   defining Unicode char U+201D (decimal 8221)
   defining Unicode char U+201E (decimal 8222)
   defining Unicode char U+2030 (decimal 8240)
   defining Unicode char U+2031 (decimal 8241)
   defining Unicode char U+2039 (decimal 8249)
   defining Unicode char U+203A (decimal 8250)
   defining Unicode char U+2423 (decimal 9251)
)
Now handling font encoding OT1 ...
... processing UTF-8 mapping file for font encoding OT1

(/usr/local/texlive/2014/texmf-dist/tex/latex/base/ot1enc.dfu
File: ot1enc.dfu 2014/09/29 v1.1m UTF-8 support for inputenc
   defining Unicode char U+00A1 (decimal 161)
   defining Unicode char U+00A3 (decimal 163)
   defining Unicode char U+00B8 (decimal 184)
   defining Unicode char U+00BF (decimal 191)
   defining Unicode char U+00C5 (decimal 197)
   defining Unicode char U+00C6 (decimal 198)
   defining Unicode char U+00D8 (decimal 216)
   defining Unicode char U+00DF (decimal 223)
   defining Unicode char U+00E6 (decimal 230)
   defining Unicode char U+00EC (decimal 236)
   defining Unicode char U+00ED (decimal 237)
   defining Unicode char U+00EE (decimal 238)
   defining Unicode char U+00EF (decimal 239)
   defining Unicode char U+00F8 (decimal 248)
   defining Unicode char U+0131 (decimal 305)
   defining Unicode char U+0141 (decimal 321)
   defining Unicode char U+0142 (decimal 322)
   defining Unicode char U+0152 (decimal 338)
   defining Unicode char U+0153 (decimal 339)
   defining Unicode char U+2013 (decimal 8211)
   defining Unicode char U+2014 (decimal 8212)
   defining Unicode char U+2018 (decimal 8216)
   defining Unicode char U+2019 (decimal 8217)
   defining Unicode char U+201C (decimal 8220)
   defining Unicode char U+201D (decimal 8221)
)
Now handling font encoding OMS ...
... processing UTF-8 mapping file for font encoding OMS

(/usr/local/texlive/2014/texmf-dist/tex/latex/base/omsenc.dfu
File: omsenc.dfu 2014/09/29 v1.1m UTF-8 support for inputenc
   defining Unicode char U+00A7 (decimal 167)
   defining Unicode char U+00B6 (decimal 182)
   defining Unicode char U+00B7 (decimal 183)
   defining Unicode char U+2020 (decimal 8224)
   defining Unicode char U+2021 (decimal 8225)
   defining Unicode char U+2022 (decimal 8226)
)
Now handling font encoding OMX ...
... no UTF-8 mapping file for font encoding OMX
Now handling font encoding U ...
... no UTF-8 mapping file for font encoding U
   defining Unicode char U+00A9 (decimal 169)
   defining Unicode char U+00AA (decimal 170)
   defining Unicode char U+00AE (decimal 174)
   defining Unicode char U+00BA (decimal 186)
   defining Unicode char U+02C6 (decimal 710)
   defining Unicode char U+02DC (decimal 732)
   defining Unicode char U+200C (decimal 8204)
   defining Unicode char U+2026 (decimal 8230)
   defining Unicode char U+2122 (decimal 8482)
   defining Unicode char U+2423 (decimal 9251)
))
(/usr/local/texlive/2014/texmf-dist/tex/latex/geometry/geometry.sty
Package: geometry 2010/09/12 v5.6 Page Geometry

(/usr/local/texlive/2014/texmf-dist/tex/latex/graphics/keyval.sty
Package: keyval 2014/10/28 v1.15 key=value parser (DPC)
\KV@toks@=\toks16
)
(/usr/local/texlive/2014/texmf-dist/tex/generic/oberdiek/ifpdf.sty
Package: ifpdf 2011/01/30 v2.3 Provides the ifpdf switch (HO)
Package ifpdf Info: pdfTeX in PDF mode is detected.
)
(/usr/local/texlive/2014/texmf-dist/tex/generic/oberdiek/ifvtex.sty
Package: ifvtex 2010/03/01 v1.5 Detect VTeX and its facilities (HO)
Package ifvtex Info: VTeX not detected.
)
(/usr/local/texlive/2014/texmf-dist/tex/generic/ifxetex/ifxetex.sty
Package: ifxetex 2010/09/12 v0.6 Provides ifxetex conditional
)
\Gm@cnth=\count87
\Gm@cntv=\count88
\c@Gm@tempcnt=\count89
\Gm@bindingoffset=\dimen103
\Gm@wd@mp=\dimen104
\Gm@odd@mp=\dimen105
\Gm@even@mp=\dimen106
\Gm@layoutwidth=\dimen107
\Gm@layoutheight=\dimen108
\Gm@layouthoffset=\dimen109
\Gm@layoutvoffset=\dimen110
\Gm@dimlist=\toks17
)
(/usr/local/texlive/2014/texmf-dist/tex/generic/babel/babel.sty
Package: babel 2014/09/25 3.9l The Babel package

(/usr/local/texlive/2014/texmf-dist/tex/generic/babel-spanish/spanish.ldf
Language: spanish.ldf 2014/04/24 v5.0n Spanish support from the babel system

(/usr/local/texlive/2014/texmf-dist/tex/generic/babel/babel.def
File: babel.def 2014/09/25 3.9l Babel common definitions
\babel@savecnt=\count90
\U@D=\dimen111
)
\es@quottoks=\toks18
\es@quotdepth=\count91
Package babel Info: Making " an active character on input line 516.
Package babel Info: Making . an active character on input line 617.
Package babel Info: Making < an active character on input line 662.
Package babel Info: Making > an active character on input line 662.
))
(/usr/local/texlive/2014/texmf-dist/tex/latex/amsmath/amsmath.sty
Package: amsmath 2013/01/14 v2.14 AMS math features
\@mathmargin=\skip43

For additional information on amsmath, use the `?' option.
(/usr/local/texlive/2014/texmf-dist/tex/latex/amsmath/amstext.sty
Package: amstext 2000/06/29 v2.01

(/usr/local/texlive/2014/texmf-dist/tex/latex/amsmath/amsgen.sty
File: amsgen.sty 1999/11/30 v2.0
\@emptytoks=\toks19
\ex@=\dimen112
))
(/usr/local/texlive/2014/texmf-dist/tex/latex/amsmath/amsbsy.sty
Package: amsbsy 1999/11/29 v1.2d
\pmbraise@=\dimen113
)
(/usr/local/texlive/2014/texmf-dist/tex/latex/amsmath/amsopn.sty
Package: amsopn 1999/12/14 v2.01 operator names
)
\inf@bad=\count92
LaTeX Info: Redefining \frac on input line 210.
\uproot@=\count93
\leftroot@=\count94
LaTeX Info: Redefining \overline on input line 306.
\classnum@=\count95
\DOTSCASE@=\count96
LaTeX Info: Redefining \ldots on input line 378.
LaTeX Info: Redefining \dots on input line 381.
LaTeX Info: Redefining \cdots on input line 466.
\Mathstrutbox@=\box26
\strutbox@=\box27
\big@size=\dimen114
LaTeX Font Info:    Redeclaring font encoding OML on input line 566.
LaTeX Font Info:    Redeclaring font encoding OMS on input line 567.
\macc@depth=\count97
\c@MaxMatrixCols=\count98
\dotsspace@=\muskip10
\c@parentequation=\count99
\dspbrk@lvl=\count100
\tag@help=\toks20
\row@=\count101
\column@=\count102
\maxfields@=\count103
\andhelp@=\toks21
\eqnshift@=\dimen115
\alignsep@=\dimen116
\tagshift@=\dimen117
\tagwidth@=\dimen118
\totwidth@=\dimen119
\lineht@=\dimen120
\@envbody=\toks22
\multlinegap=\skip44
\multlinetaggap=\skip45
\mathdisplay@stack=\toks23
LaTeX Info: Redefining \[ on input line 2665.
LaTeX Info: Redefining \] on input line 2666.
)
(/usr/local/texlive/2014/texmf-dist/tex/latex/base/ifthen.sty
Package: ifthen 2014/09/29 v1.1c Standard LaTeX ifthen package (DPC)
)
(/usr/local/texlive/2014/texmf-dist/tex/latex/amsfonts/amssymb.sty
Package: amssymb 2013/01/14 v3.01 AMS font symbols

(/usr/local/texlive/2014/texmf-dist/tex/latex/amsfonts/amsfonts.sty
Package: amsfonts 2013/01/14 v3.01 Basic AMSFonts support
\symAMSa=\mathgroup4
\symAMSb=\mathgroup5
LaTeX Font Info:    Overwriting math alphabet `\mathfrak' in version `bold'
(Font)                  U/euf/m/n --> U/euf/b/n on input line 106.
))
(/usr/local/texlive/2014/texmf-dist/tex/latex/tools/multicol.sty
Package: multicol 2014/10/28 v1.8i multicolumn formatting (FMi)
\c@tracingmulticols=\count104
\mult@box=\box28
\multicol@leftmargin=\dimen121
\c@unbalance=\count105
\c@collectmore=\count106
\doublecol@number=\count107
\multicoltolerance=\count108
\multicolpretolerance=\count109
\full@width=\dimen122
\page@free=\dimen123
\premulticols=\dimen124
\postmulticols=\dimen125
\multicolsep=\skip46
\multicolbaselineskip=\skip47
\partial@page=\box29
\last@line=\box30
\maxbalancingoverflow=\dimen126
\mult@rightbox=\box31
\mult@grightbox=\box32
\mult@gfirstbox=\box33
\mult@firstbox=\box34
\@tempa=\box35
\@tempa=\box36
\@tempa=\box37
\@tempa=\box38
\@tempa=\box39
\@tempa=\box40
\@tempa=\box41
\@tempa=\box42
\@tempa=\box43
\@tempa=\box44
\@tempa=\box45
\@tempa=\box46
\@tempa=\box47
\@tempa=\box48
\@tempa=\box49
\@tempa=\box50
\@tempa=\box51
\c@columnbadness=\count110
\c@finalcolumnbadness=\count111
\last@try=\dimen127
\multicolovershoot=\dimen128
\multicolundershoot=\dimen129
\mult@nat@firstbox=\box52
\colbreak@box=\box53
\mc@col@check@num=\count112
)
(/usr/local/texlive/2014/texmf-dist/tex/latex/multirow/multirow.sty
\bigstrutjot=\dimen130
)
(/usr/local/texlive/2014/texmf-dist/tex/latex/textpos/textpos.sty
Package: textpos 2014/01/03 v1.7j

Package: textpos 2014/01/03 1.7j, absolute positioning of text on the page
(/usr/local/texlive/2014/texmf-dist/tex/latex/ms/everyshi.sty
Package: everyshi 2001/05/15 v3.00 EveryShipout Package (MS)
)
\TP@textbox=\box54
\TP@holdbox=\box55
\TPHorizModule=\dimen131
\TPVertModule=\dimen132
\TP@margin=\dimen133
\TP@absmargin=\dimen134

Grid set 16 x 16 = 37.34424pt x 52.81541pt
\TPboxrulesize=\dimen135
\TP@ox=\dimen136
\TP@oy=\dimen137
\TP@tbargs=\toks24
\TP@prevdepth=\dimen138
TextBlockOrigin set to 0pt x 0pt
) (/usr/local/texlive/2014/texmf-dist/tex/latex/hyperref/hyperref.sty
Package: hyperref 2012/11/06 v6.83m Hypertext links for LaTeX

(/usr/local/texlive/2014/texmf-dist/tex/generic/oberdiek/hobsub-hyperref.sty
Package: hobsub-hyperref 2012/05/28 v1.13 Bundle oberdiek, subset hyperref (HO)


(/usr/local/texlive/2014/texmf-dist/tex/generic/oberdiek/hobsub-generic.sty
Package: hobsub-generic 2012/05/28 v1.13 Bundle oberdiek, subset generic (HO)
Package: hobsub 2012/05/28 v1.13 Construct package bundles (HO)
Package: infwarerr 2010/04/08 v1.3 Providing info/warning/error messages (HO)
Package: ltxcmds 2011/11/09 v1.22 LaTeX kernel commands for general use (HO)
Package: ifluatex 2010/03/01 v1.3 Provides the ifluatex switch (HO)
Package ifluatex Info: LuaTeX not detected.
Package hobsub Info: Skipping package `ifvtex' (already loaded).
Package: intcalc 2007/09/27 v1.1 Expandable calculations with integers (HO)
Package hobsub Info: Skipping package `ifpdf' (already loaded).
Package: etexcmds 2011/02/16 v1.5 Avoid name clashes with e-TeX commands (HO)
Package etexcmds Info: Could not find \expanded.
(etexcmds)             That can mean that you are not using pdfTeX 1.50 or
(etexcmds)             that some package has redefined \expanded.
(etexcmds)             In the latter case, load this package earlier.
Package: kvsetkeys 2012/04/25 v1.16 Key value parser (HO)
Package: kvdefinekeys 2011/04/07 v1.3 Define keys (HO)
Package: pdftexcmds 2011/11/29 v0.20 Utility functions of pdfTeX for LuaTeX (HO
)
Package pdftexcmds Info: LuaTeX not detected.
Package pdftexcmds Info: \pdf@primitive is available.
Package pdftexcmds Info: \pdf@ifprimitive is available.
Package pdftexcmds Info: \pdfdraftmode found.
Package: pdfescape 2011/11/25 v1.13 Implements pdfTeX's escape features (HO)
Package: bigintcalc 2012/04/08 v1.3 Expandable calculations on big integers (HO
)
Package: bitset 2011/01/30 v1.1 Handle bit-vector datatype (HO)
Package: uniquecounter 2011/01/30 v1.2 Provide unlimited unique counter (HO)
)
Package hobsub Info: Skipping package `hobsub' (already loaded).
Package: letltxmacro 2010/09/02 v1.4 Let assignment for LaTeX macros (HO)
Package: hopatch 2012/05/28 v1.2 Wrapper for package hooks (HO)
Package: xcolor-patch 2011/01/30 xcolor patch
Package: atveryend 2011/06/30 v1.8 Hooks at the very end of document (HO)
Package atveryend Info: \enddocument detected (standard20110627).
Package: atbegshi 2011/10/05 v1.16 At begin shipout hook (HO)
Package: refcount 2011/10/16 v3.4 Data extraction from label references (HO)
Package: hycolor 2011/01/30 v1.7 Color options for hyperref/bookmark (HO)
)
(/usr/local/texlive/2014/texmf-dist/tex/latex/oberdiek/auxhook.sty
Package: auxhook 2011/03/04 v1.3 Hooks for auxiliary files (HO)
)
(/usr/local/texlive/2014/texmf-dist/tex/latex/oberdiek/kvoptions.sty
Package: kvoptions 2011/06/30 v3.11 Key value format for package options (HO)
)
\@linkdim=\dimen139
\Hy@linkcounter=\count113
\Hy@pagecounter=\count114

(/usr/local/texlive/2014/texmf-dist/tex/latex/hyperref/pd1enc.def
File: pd1enc.def 2012/11/06 v6.83m Hyperref: PDFDocEncoding definition (HO)
Now handling font encoding PD1 ...
... no UTF-8 mapping file for font encoding PD1
)
\Hy@SavedSpaceFactor=\count115

(/usr/local/texlive/2014/texmf-dist/tex/latex/latexconfig/hyperref.cfg
File: hyperref.cfg 2002/06/06 v1.2 hyperref configuration of TeXLive
)
Package hyperref Info: Hyper figures OFF on input line 4443.
Package hyperref Info: Link nesting OFF on input line 4448.
Package hyperref Info: Hyper index ON on input line 4451.
Package hyperref Info: Plain pages OFF on input line 4458.
Package hyperref Info: Backreferencing OFF on input line 4463.
Package hyperref Info: Implicit mode ON; LaTeX internals redefined.
Package hyperref Info: Bookmarks ON on input line 4688.
\c@Hy@tempcnt=\count116

(/usr/local/texlive/2014/texmf-dist/tex/latex/url/url.sty
\Urlmuskip=\muskip11
Package: url 2013/09/16  ver 3.4  Verb mode for urls, etc.
)
LaTeX Info: Redefining \url on input line 5041.
\XeTeXLinkMargin=\dimen140
\Fld@menulength=\count117
\Field@Width=\dimen141
\Fld@charsize=\dimen142
Package hyperref Info: Hyper figures OFF on input line 6295.
Package hyperref Info: Link nesting OFF on input line 6300.
Package hyperref Info: Hyper index ON on input line 6303.
Package hyperref Info: backreferencing OFF on input line 6310.
Package hyperref Info: Link coloring OFF on input line 6315.
Package hyperref Info: Link coloring with OCG OFF on input line 6320.
Package hyperref Info: PDF/A mode OFF on input line 6325.
LaTeX Info: Redefining \ref on input line 6365.
LaTeX Info: Redefining \pageref on input line 6369.
\Hy@abspage=\count118
\c@Item=\count119
\c@Hfootnote=\count120
)

Package hyperref Message: Driver (autodetected): hpdftex.

(/usr/local/texlive/2014/texmf-dist/tex/latex/hyperref/hpdftex.def
File: hpdftex.def 2012/11/06 v6.83m Hyperref driver for pdfTeX
\Fld@listcount=\count121
\c@bookmark@seq@number=\count122

(/usr/local/texlive/2014/texmf-dist/tex/latex/oberdiek/rerunfilecheck.sty
Package: rerunfilecheck 2011/04/15 v1.7 Rerun checks for auxiliary files (HO)
Package uniquecounter Info: New unique counter `rerunfilecheck' on input line 2
82.
)
\Hy@SectionHShift=\skip48
)
(/usr/local/texlive/2014/texmf-dist/tex/latex/enumitem/enumitem.sty
Package: enumitem 2011/09/28 v3.5.2 Customized lists
\labelindent=\skip49
\enit@outerparindent=\dimen143
\enit@toks=\toks25
\enit@inbox=\box56
\enitdp@description=\count123
)
(./caratula.sty
Package: caratula 2013/08/04 v0.5 Para componer caratulas de TPs del DC

(/usr/local/texlive/2014/texmf-dist/tex/latex/graphics/graphicx.sty
Package: graphicx 2014/10/28 v1.0g Enhanced LaTeX Graphics (DPC,SPQR)

(/usr/local/texlive/2014/texmf-dist/tex/latex/graphics/graphics.sty
Package: graphics 2014/10/28 v1.0p Standard LaTeX Graphics (DPC,SPQR)

(/usr/local/texlive/2014/texmf-dist/tex/latex/graphics/trig.sty
Package: trig 1999/03/16 v1.09 sin cos tan (DPC)
)
(/usr/local/texlive/2014/texmf-dist/tex/latex/latexconfig/graphics.cfg
File: graphics.cfg 2010/04/23 v1.9 graphics configuration of TeX Live
)
Package graphics Info: Driver file: pdftex.def on input line 91.

(/usr/local/texlive/2014/texmf-dist/tex/latex/pdftex-def/pdftex.def
File: pdftex.def 2011/05/27 v0.06d Graphics/color for pdfTeX
\Gread@gobject=\count124
))
\Gin@req@height=\dimen144
\Gin@req@width=\dimen145
)
Cargando package 'caratula' v0.5 (2013/08/04)
\intlist=\toks26
\intlistSinLU=\toks27
\c@integrantesCount=\count125
\intTabNombre=\toks28
\intTabLU=\toks29
\intTabEmail=\toks30
\c@directoresCount=\count126
\direcTabNombre=\toks31
\direcTabEmail=\toks32
) (/usr/local/texlive/2014/texmf-dist/tex/latex/float/float.sty
Package: float 2001/11/08 v1.3d Float enhancements (AL)
\c@float@type=\count127
\float@exts=\toks33
\float@box=\box57
\@float@everytoks=\toks34
\@floatcapt=\box58
) (./informe.aux
LaTeX Info: Redefining \. on input line 23.
LaTeX Info: Redefining \% on input line 23.
)
\openout1 = `informe.aux'.

LaTeX Font Info:    Checking defaults for OML/cmm/m/it on input line 27.
LaTeX Font Info:    ... okay on input line 27.
LaTeX Font Info:    Checking defaults for T1/cmr/m/n on input line 27.
LaTeX Font Info:    ... okay on input line 27.
LaTeX Font Info:    Checking defaults for OT1/cmr/m/n on input line 27.
LaTeX Font Info:    ... okay on input line 27.
LaTeX Font Info:    Checking defaults for OMS/cmsy/m/n on input line 27.
LaTeX Font Info:    ... okay on input line 27.
LaTeX Font Info:    Checking defaults for OMX/cmex/m/n on input line 27.
LaTeX Font Info:    ... okay on input line 27.
LaTeX Font Info:    Checking defaults for U/cmr/m/n on input line 27.
LaTeX Font Info:    ... okay on input line 27.
LaTeX Font Info:    Checking defaults for PD1/pdf/m/n on input line 27.
LaTeX Font Info:    ... okay on input line 27.

*geometry* driver: auto-detecting
*geometry* detected driver: pdftex
*geometry* verbose mode - [ preamble ] result:
* driver: pdftex
* paper: a4paper
* layout: <same size as paper>
* layoutoffset:(h,v)=(0.0pt,0.0pt)
* modes: 
* h-part:(L,W,R)=(65.70016pt, 466.10754pt, 65.70016pt)
* v-part:(T,H,B)=(65.70016pt, 713.64651pt, 65.70016pt)
* \paperwidth=597.50787pt
* \paperheight=845.04684pt
* \textwidth=466.10754pt
* \textheight=713.64651pt
* \oddsidemargin=-6.56982pt
* \evensidemargin=-6.56982pt
* \topmargin=-43.56982pt
* \headheight=12.0pt
* \headsep=25.0pt
* \topskip=11.0pt
* \footskip=30.0pt
* \marginparwidth=59.0pt
* \marginparsep=10.0pt
* \columnsep=10.0pt
* \skip\footins=10.0pt plus 4.0pt minus 2.0pt
* \hoffset=0.0pt
* \voffset=0.0pt
* \mag=1000
* \@twocolumnfalse
* \@twosidefalse
* \@mparswitchfalse
* \@reversemarginfalse
* (1in=72.27pt=25.4mm, 1cm=28.453pt)

LaTeX Info: Redefining \. on input line 27.
LaTeX Info: Redefining \% on input line 27.
ABD: EveryShipout initializing macros
\AtBeginShipoutBox=\box59
Package hyperref Info: Link coloring OFF on input line 27.

(/usr/local/texlive/2014/texmf-dist/tex/latex/hyperref/nameref.sty
Package: nameref 2012/10/27 v2.43 Cross-referencing by name of section

(/usr/local/texlive/2014/texmf-dist/tex/generic/oberdiek/gettitlestring.sty
Package: gettitlestring 2010/12/03 v1.4 Cleanup title references (HO)
)
\c@section@level=\count128
)
LaTeX Info: Redefining \ref on input line 27.
LaTeX Info: Redefining \pageref on input line 27.
LaTeX Info: Redefining \nameref on input line 27.

(./informe.out) (./informe.out)
\@outlinefile=\write3
\openout3 = `informe.out'.


(/usr/local/texlive/2014/texmf-dist/tex/context/base/supp-pdf.mkii
[Loading MPS to PDF converter (version 2006.09.02).]
\scratchcounter=\count129
\scratchdimen=\dimen146
\scratchbox=\box60
\nofMPsegments=\count130
\nofMParguments=\count131
\everyMPshowfont=\toks35
\MPscratchCnt=\count132
\MPscratchDim=\dimen147
\MPnumerator=\count133
\makeMPintoPDFobject=\count134
\everyMPtoPDFconversion=\toks36
) (/usr/local/texlive/2014/texmf-dist/tex/latex/oberdiek/epstopdf-base.sty
Package: epstopdf-base 2010/02/09 v2.5 Base part for package epstopdf

(/usr/local/texlive/2014/texmf-dist/tex/latex/oberdiek/grfext.sty
Package: grfext 2010/08/19 v1.1 Manage graphics extensions (HO)
)
Package grfext Info: Graphics extension search list:
(grfext)             [.png,.pdf,.jpg,.mps,.jpeg,.jbig2,.jb2,.PNG,.PDF,.JPG,.JPE
G,.JBIG2,.JB2,.eps]
(grfext)             \AppendGraphicsExtensions on input line 452.

(/usr/local/texlive/2014/texmf-dist/tex/latex/latexconfig/epstopdf-sys.cfg
File: epstopdf-sys.cfg 2010/07/13 v1.3 Configuration of (r)epstopdf for TeX Liv
e
))
<logo_dc.jpg, id=56, 215.6055pt x 83.5923pt>
File: logo_dc.jpg Graphic file (type jpg)
 <use logo_dc.jpg>
Package pdftex.def Info: logo_dc.jpg used on input line 42.
(pdftex.def)             Requested size: 215.60497pt x 83.59207pt.

Underfull \hbox (badness 10000) in paragraph at lines 42--42

 []


Underfull \hbox (badness 10000) in paragraph at lines 42--42

 []

LaTeX Font Info:    Try loading font information for U+msa on input line 42.
(/usr/local/texlive/2014/texmf-dist/tex/latex/amsfonts/umsa.fd
File: umsa.fd 2013/01/14 v3.01 AMS symbols A
)
LaTeX Font Info:    Try loading font information for U+msb on input line 42.

(/usr/local/texlive/2014/texmf-dist/tex/latex/amsfonts/umsb.fd
File: umsb.fd 2013/01/14 v3.01 AMS symbols B
)
<logo_uba.jpg, id=57, 225.4824pt x 231.7458pt>
File: logo_uba.jpg Graphic file (type jpg)
 <use logo_uba.jpg>
Package pdftex.def Info: logo_uba.jpg used on input line 42.
(pdftex.def)             Requested size: 225.48184pt x 231.74522pt.

Underfull \hbox (badness 10000) in paragraph at lines 42--42

 []

Package babel Info: Redefining spanish shorthand <<
(babel)             in language append on input line 42.
Package babel Info: Redefining spanish shorthand >>
(babel)             in language append on input line 42.
Package babel Info: Redefining spanish shorthand "=
(babel)             in language append on input line 42.
Package babel Info: Redefining spanish shorthand "~
(babel)             in language append on input line 42.
Package babel Info: Redefining spanish shorthand "!
(babel)             in language append on input line 42.
Package babel Info: Redefining spanish shorthand "?
(babel)             in language append on input line 42.
Package babel Info: Redefining spanish shorthand <<
(babel)             in language append on input line 42.
Package babel Info: Redefining spanish shorthand >>
(babel)             in language append on input line 42.
Package babel Info: Redefining spanish shorthand "=
(babel)             in language append on input line 42.
Package babel Info: Redefining spanish shorthand "~
(babel)             in language append on input line 42.
Package babel Info: Redefining spanish shorthand "!
(babel)             in language append on input line 42.
Package babel Info: Redefining spanish shorthand "?
(babel)             in language append on input line 42.
[1

{/usr/local/texlive/2014/texmf-var/fonts/map/pdftex/updmap/pdftex.map} <./logo_
dc.jpg> <./logo_uba.jpg>] (./informe.toc
LaTeX Info: Redefining \. on input line 1.
LaTeX Info: Redefining \% on input line 1.
)
\tf@toc=\write4
\openout4 = `informe.toc'.

Package babel Info: Redefining spanish shorthand <<
(babel)             in language append on input line 47.
Package babel Info: Redefining spanish shorthand >>
(babel)             in language append on input line 47.
Package babel Info: Redefining spanish shorthand "=
(babel)             in language append on input line 47.
Package babel Info: Redefining spanish shorthand "~
(babel)             in language append on input line 47.
Package babel Info: Redefining spanish shorthand "!
(babel)             in language append on input line 47.
Package babel Info: Redefining spanish shorthand "?
(babel)             in language append on input line 47.
Package babel Info: Redefining spanish shorthand <<
(babel)             in language append on input line 47.
Package babel Info: Redefining spanish shorthand >>
(babel)             in language append on input line 47.
Package babel Info: Redefining spanish shorthand "=
(babel)             in language append on input line 47.
Package babel Info: Redefining spanish shorthand "~
(babel)             in language append on input line 47.
Package babel Info: Redefining spanish shorthand "!
(babel)             in language append on input line 47.
Package babel Info: Redefining spanish shorthand "?
(babel)             in language append on input line 47.
pdfTeX warning (ext4): destination with the same identifier (name{page.1}) has 
been already used, duplicate ignored
<to be read again> 
                   \relax 
l.47 \newpage
              [1]
Package babel Info: Redefining spanish shorthand <<
(babel)             in language append on input line 57.
Package babel Info: Redefining spanish shorthand >>
(babel)             in language append on input line 57.
Package babel Info: Redefining spanish shorthand "=
(babel)             in language append on input line 57.
Package babel Info: Redefining spanish shorthand "~
(babel)             in language append on input line 57.
Package babel Info: Redefining spanish shorthand "!
(babel)             in language append on input line 57.
Package babel Info: Redefining spanish shorthand "?
(babel)             in language append on input line 57.
Package babel Info: Redefining spanish shorthand <<
(babel)             in language append on input line 57.
Package babel Info: Redefining spanish shorthand >>
(babel)             in language append on input line 57.
Package babel Info: Redefining spanish shorthand "=
(babel)             in language append on input line 57.
Package babel Info: Redefining spanish shorthand "~
(babel)             in language append on input line 57.
Package babel Info: Redefining spanish shorthand "!
(babel)             in language append on input line 57.
Package babel Info: Redefining spanish shorthand "?
(babel)             in language append on input line 57.
 [2]
Package babel Info: Redefining spanish shorthand <<
(babel)             in language append on input line 59.
Package babel Info: Redefining spanish shorthand >>
(babel)             in language append on input line 59.
Package babel Info: Redefining spanish shorthand "=
(babel)             in language append on input line 59.
Package babel Info: Redefining spanish shorthand "~
(babel)             in language append on input line 59.
Package babel Info: Redefining spanish shorthand "!
(babel)             in language append on input line 59.
Package babel Info: Redefining spanish shorthand "?
(babel)             in language append on input line 59.
 <ejercicio1.png, id=94, 1030.85126pt x 187.70125pt>
File: ejercicio1.png Graphic file (type png)

<use ejercicio1.png>
Package pdftex.def Info: ejercicio1.png used on input line 73.
(pdftex.def)             Requested size: 515.42436pt x 93.85039pt.

Overfull \hbox (49.31682pt too wide) in paragraph at lines 73--74
[][] 
 []

Package babel Info: Redefining spanish shorthand <<
(babel)             in language append on input line 81.
Package babel Info: Redefining spanish shorthand >>
(babel)             in language append on input line 81.
Package babel Info: Redefining spanish shorthand "=
(babel)             in language append on input line 81.
Package babel Info: Redefining spanish shorthand "~
(babel)             in language append on input line 81.
Package babel Info: Redefining spanish shorthand "!
(babel)             in language append on input line 81.
Package babel Info: Redefining spanish shorthand "?
(babel)             in language append on input line 81.
Package babel Info: Redefining spanish shorthand <<
(babel)             in language append on input line 81.
Package babel Info: Redefining spanish shorthand >>
(babel)             in language append on input line 81.
Package babel Info: Redefining spanish shorthand "=
(babel)             in language append on input line 81.
Package babel Info: Redefining spanish shorthand "~
(babel)             in language append on input line 81.
Package babel Info: Redefining spanish shorthand "!
(babel)             in language append on input line 81.
Package babel Info: Redefining spanish shorthand "?
(babel)             in language append on input line 81.
[3 <./ejercicio1.png (PNG copy)>]
Package babel Info: Redefining spanish shorthand <<
(babel)             in language append on input line 83.
Package babel Info: Redefining spanish shorthand >>
(babel)             in language append on input line 83.
Package babel Info: Redefining spanish shorthand "=
(babel)             in language append on input line 83.
Package babel Info: Redefining spanish shorthand "~
(babel)             in language append on input line 83.
Package babel Info: Redefining spanish shorthand "!
(babel)             in language append on input line 83.
Package babel Info: Redefining spanish shorthand "?
(babel)             in language append on input line 83.

<Ejercicio2_1cpu.png, id=99, 1030.85126pt x 157.58875pt>
File: Ejercicio2_1cpu.png Graphic file (type png)

<use Ejercicio2_1cpu.png>
Package pdftex.def Info: Ejercicio2_1cpu.png used on input line 95.
(pdftex.def)             Requested size: 515.42436pt x 78.79417pt.

Overfull \hbox (49.31682pt too wide) in paragraph at lines 95--96
[][]
 []

<Ejercicio2_2cpu.png, id=100, 1030.85126pt x 187.70125pt>
File: Ejercicio2_2cpu.png Graphic file (type png)

<use Ejercicio2_2cpu.png>
Package pdftex.def Info: Ejercicio2_2cpu.png used on input line 102.
(pdftex.def)             Requested size: 515.42436pt x 93.85039pt.

Overfull \hbox (49.31682pt too wide) in paragraph at lines 102--103
[][]
 []

Package babel Info: Redefining spanish shorthand <<
(babel)             in language append on input line 106.
Package babel Info: Redefining spanish shorthand >>
(babel)             in language append on input line 106.
Package babel Info: Redefining spanish shorthand "=
(babel)             in language append on input line 106.
Package babel Info: Redefining spanish shorthand "~
(babel)             in language append on input line 106.
Package babel Info: Redefining spanish shorthand "!
(babel)             in language append on input line 106.
Package babel Info: Redefining spanish shorthand "?
(babel)             in language append on input line 106.
<Ejercicio3_1.png, id=101, 1030.85126pt x 157.58875pt>
File: Ejercicio3_1.png Graphic file (type png)
 <use Ejercicio3_1.png>
Package pdftex.def Info: Ejercicio3_1.png used on input line 109.
(pdftex.def)             Requested size: 515.42436pt x 78.79417pt.

Overfull \hbox (49.31682pt too wide) in paragraph at lines 109--110
[][]
 []

<Ejercicio3_2.png, id=102, 1030.85126pt x 157.58875pt>
File: Ejercicio3_2.png Graphic file (type png)
 <use Ejercicio3_2.png>
Package pdftex.def Info: Ejercicio3_2.png used on input line 114.
(pdftex.def)             Requested size: 515.42436pt x 78.79417pt.

Overfull \hbox (49.31682pt too wide) in paragraph at lines 114--115
[][]
 []

Package babel Info: Redefining spanish shorthand <<
(babel)             in language append on input line 117.
Package babel Info: Redefining spanish shorthand >>
(babel)             in language append on input line 117.
Package babel Info: Redefining spanish shorthand "=
(babel)             in language append on input line 117.
Package babel Info: Redefining spanish shorthand "~
(babel)             in language append on input line 117.
Package babel Info: Redefining spanish shorthand "!
(babel)             in language append on input line 117.
Package babel Info: Redefining spanish shorthand "?
(babel)             in language append on input line 117.
Package babel Info: Redefining spanish shorthand <<
(babel)             in language append on input line 117.
Package babel Info: Redefining spanish shorthand >>
(babel)             in language append on input line 117.
Package babel Info: Redefining spanish shorthand "=
(babel)             in language append on input line 117.
Package babel Info: Redefining spanish shorthand "~
(babel)             in language append on input line 117.
Package babel Info: Redefining spanish shorthand "!
(babel)             in language append on input line 117.
Package babel Info: Redefining spanish shorthand "?
(babel)             in language append on input line 117.
[4pdfTeX warning (ext4): destination with the same identifier (name{figure.1}) 
has been already used, duplicate ignored

\@EveryShipout@Output ...@Org@Shipout \box \@cclv 
                                                  
l.117 
      pdfTeX warning (ext4): destination with the same identifier (name{figure.
2}) has been already used, duplicate ignored

\@EveryShipout@Output ...@Org@Shipout \box \@cclv 
                                                  
l.117 
      pdfTeX warning (ext4): destination with the same identifier (name{figure.
3}) has been already used, duplicate ignored

\@EveryShipout@Output ...@Org@Shipout \box \@cclv 
                                                  
l.117 
       <./Ejercicio2_1cpu.png (PNG copy)> <./Ejercicio2_2cpu.png (PNG copy)> <.
/Ejercicio3_1.png (PNG copy)>]
<Ejercicio3_3.png, id=110, 1030.85126pt x 157.58875pt>
File: Ejercicio3_3.png Graphic file (type png)
 <use Ejercicio3_3.png>
Package pdftex.def Info: Ejercicio3_3.png used on input line 119.
(pdftex.def)             Requested size: 515.42436pt x 78.79417pt.

Overfull \hbox (49.31682pt too wide) in paragraph at lines 119--120
[][]
 []

Package babel Info: Redefining spanish shorthand <<
(babel)             in language append on input line 122.
Package babel Info: Redefining spanish shorthand >>
(babel)             in language append on input line 122.
Package babel Info: Redefining spanish shorthand "=
(babel)             in language append on input line 122.
Package babel Info: Redefining spanish shorthand "~
(babel)             in language append on input line 122.
Package babel Info: Redefining spanish shorthand "!
(babel)             in language append on input line 122.
Package babel Info: Redefining spanish shorthand "?
(babel)             in language append on input line 122.
Package babel Info: Redefining spanish shorthand <<
(babel)             in language append on input line 122.
Package babel Info: Redefining spanish shorthand >>
(babel)             in language append on input line 122.
Package babel Info: Redefining spanish shorthand "=
(babel)             in language append on input line 122.
Package babel Info: Redefining spanish shorthand "~
(babel)             in language append on input line 122.
Package babel Info: Redefining spanish shorthand "!
(babel)             in language append on input line 122.
Package babel Info: Redefining spanish shorthand "?
(babel)             in language append on input line 122.
[5pdfTeX warning (ext4): destination with the same identifier (name{figure.4}) 
has been already used, duplicate ignored

\@EveryShipout@Output ...@Org@Shipout \box \@cclv 
                                                  
l.122 \newpage
              pdfTeX warning (ext4): destination with the same identifier (name
{figure.5}) has been already used, duplicate ignored

\@EveryShipout@Output ...@Org@Shipout \box \@cclv 
                                                  
l.122 \newpage
               <./Ejercicio3_2.png (PNG copy)> <./Ejercicio3_3.png (PNG copy)>]
Package babel Info: Redefining spanish shorthand <<
(babel)             in language append on input line 124.
Package babel Info: Redefining spanish shorthand >>
(babel)             in language append on input line 124.
Package babel Info: Redefining spanish shorthand "=
(babel)             in language append on input line 124.
Package babel Info: Redefining spanish shorthand "~
(babel)             in language append on input line 124.
Package babel Info: Redefining spanish shorthand "!
(babel)             in language append on input line 124.
Package babel Info: Redefining spanish shorthand "?
(babel)             in language append on input line 124.
Package babel Info: Redefining spanish shorthand <<
(babel)             in language append on input line 128.
Package babel Info: Redefining spanish shorthand >>
(babel)             in language append on input line 128.
Package babel Info: Redefining spanish shorthand "=
(babel)             in language append on input line 128.
Package babel Info: Redefining spanish shorthand "~
(babel)             in language append on input line 128.
Package babel Info: Redefining spanish shorthand "!
(babel)             in language append on input line 128.
Package babel Info: Redefining spanish shorthand "?
(babel)             in language append on input line 128.
Package babel Info: Redefining spanish shorthand <<
(babel)             in language append on input line 133.
Package babel Info: Redefining spanish shorthand >>
(babel)             in language append on input line 133.
Package babel Info: Redefining spanish shorthand "=
(babel)             in language append on input line 133.
Package babel Info: Redefining spanish shorthand "~
(babel)             in language append on input line 133.
Package babel Info: Redefining spanish shorthand "!
(babel)             in language append on input line 133.
Package babel Info: Redefining spanish shorthand "?
(babel)             in language append on input line 133.
Package babel Info: Redefining spanish shorthand <<
(babel)             in language append on input line 133.
Package babel Info: Redefining spanish shorthand >>
(babel)             in language append on input line 133.
Package babel Info: Redefining spanish shorthand "=
(babel)             in language append on input line 133.
Package babel Info: Redefining spanish shorthand "~
(babel)             in language append on input line 133.
Package babel Info: Redefining spanish shorthand "!
(babel)             in language append on input line 133.
Package babel Info: Redefining spanish shorthand "?
(babel)             in language append on input line 133.
[6]
Package babel Info: Redefining spanish shorthand <<
(babel)             in language append on input line 135.
Package babel Info: Redefining spanish shorthand >>
(babel)             in language append on input line 135.
Package babel Info: Redefining spanish shorthand "=
(babel)             in language append on input line 135.
Package babel Info: Redefining spanish shorthand "~
(babel)             in language append on input line 135.
Package babel Info: Redefining spanish shorthand "!
(babel)             in language append on input line 135.
Package babel Info: Redefining spanish shorthand "?
(babel)             in language append on input line 135.

Underfull \hbox (badness 10000) in paragraph at lines 137--139

 []

Package babel Info: Redefining spanish shorthand <<
(babel)             in language append on input line 142.
Package babel Info: Redefining spanish shorthand >>
(babel)             in language append on input line 142.
Package babel Info: Redefining spanish shorthand "=
(babel)             in language append on input line 142.
Package babel Info: Redefining spanish shorthand "~
(babel)             in language append on input line 142.
Package babel Info: Redefining spanish shorthand "!
(babel)             in language append on input line 142.
Package babel Info: Redefining spanish shorthand "?
(babel)             in language append on input line 142.
<Ej5q2.png, id=122, 1030.85126pt x 157.58875pt>
File: Ej5q2.png Graphic file (type png)
 <use Ej5q2.png>
Package pdftex.def Info: Ej5q2.png used on input line 147.
(pdftex.def)             Requested size: 515.42436pt x 78.79417pt.

Overfull \hbox (49.31682pt too wide) in paragraph at lines 147--148
[][]
 []

<Ej5q10.png, id=123, 1030.85126pt x 157.58875pt>
File: Ej5q10.png Graphic file (type png)
 <use Ej5q10.png>
Package pdftex.def Info: Ej5q10.png used on input line 172.
(pdftex.def)             Requested size: 515.42436pt x 78.79417pt.

Overfull \hbox (49.31682pt too wide) in paragraph at lines 172--173
[][]
 []

<Ej5q50.png, id=124, 1030.85126pt x 157.58875pt>
File: Ej5q50.png Graphic file (type png)
 <use Ej5q50.png>
Package pdftex.def Info: Ej5q50.png used on input line 197.
(pdftex.def)             Requested size: 515.42436pt x 78.79417pt.

Overfull \hbox (49.31682pt too wide) in paragraph at lines 197--198
[][]
 []

Package babel Info: Redefining spanish shorthand <<
(babel)             in language append on input line 200.
Package babel Info: Redefining spanish shorthand >>
(babel)             in language append on input line 200.
Package babel Info: Redefining spanish shorthand "=
(babel)             in language append on input line 200.
Package babel Info: Redefining spanish shorthand "~
(babel)             in language append on input line 200.
Package babel Info: Redefining spanish shorthand "!
(babel)             in language append on input line 200.
Package babel Info: Redefining spanish shorthand "?
(babel)             in language append on input line 200.
Package babel Info: Redefining spanish shorthand <<
(babel)             in language append on input line 200.
Package babel Info: Redefining spanish shorthand >>
(babel)             in language append on input line 200.
Package babel Info: Redefining spanish shorthand "=
(babel)             in language append on input line 200.
Package babel Info: Redefining spanish shorthand "~
(babel)             in language append on input line 200.
Package babel Info: Redefining spanish shorthand "!
(babel)             in language append on input line 200.
Package babel Info: Redefining spanish shorthand "?
(babel)             in language append on input line 200.
[7pdfTeX warning (ext4): destination with the same identifier (name{figure.6}) 
has been already used, duplicate ignored

\@EveryShipout@Output ...@Org@Shipout \box \@cclv 
                                                  
l.200 
      pdfTeX warning (ext4): destination with the same identifier (name{table.1
}) has been already used, duplicate ignored

\@EveryShipout@Output ...@Org@Shipout \box \@cclv 
                                                  
l.200 
      pdfTeX warning (ext4): destination with the same identifier (name{figure.
7}) has been already used, duplicate ignored

\@EveryShipout@Output ...@Org@Shipout \box \@cclv 
                                                  
l.200 
       <./Ej5q2.png (PNG copy)> <./Ej5q10.png (PNG copy)>]
Package babel Info: Redefining spanish shorthand <<
(babel)             in language append on input line 222.
Package babel Info: Redefining spanish shorthand >>
(babel)             in language append on input line 222.
Package babel Info: Redefining spanish shorthand "=
(babel)             in language append on input line 222.
Package babel Info: Redefining spanish shorthand "~
(babel)             in language append on input line 222.
Package babel Info: Redefining spanish shorthand "!
(babel)             in language append on input line 222.
Package babel Info: Redefining spanish shorthand "?
(babel)             in language append on input line 222.
Package babel Info: Redefining spanish shorthand <<
(babel)             in language append on input line 225.
Package babel Info: Redefining spanish shorthand >>
(babel)             in language append on input line 225.
Package babel Info: Redefining spanish shorthand "=
(babel)             in language append on input line 225.
Package babel Info: Redefining spanish shorthand "~
(babel)             in language append on input line 225.
Package babel Info: Redefining spanish shorthand "!
(babel)             in language append on input line 225.
Package babel Info: Redefining spanish shorthand "?
(babel)             in language append on input line 225.
Package babel Info: Redefining spanish shorthand <<
(babel)             in language append on input line 225.
Package babel Info: Redefining spanish shorthand >>
(babel)             in language append on input line 225.
Package babel Info: Redefining spanish shorthand "=
(babel)             in language append on input line 225.
Package babel Info: Redefining spanish shorthand "~
(babel)             in language append on input line 225.
Package babel Info: Redefining spanish shorthand "!
(babel)             in language append on input line 225.
Package babel Info: Redefining spanish shorthand "?
(babel)             in language append on input line 225.
 [8pdfTeX warning (ext4): destination with the same identifier (name{table.2}) 
has been already used, duplicate ignored

\@EveryShipout@Output ...@Org@Shipout \box \@cclv 
                                                  
l.225 \newpage
              pdfTeX warning (ext4): destination with the same identifier (name
{figure.8}) has been already used, duplicate ignored

\@EveryShipout@Output ...@Org@Shipout \box \@cclv 
                                                  
l.225 \newpage
              pdfTeX warning (ext4): destination with the same identifier (name
{table.3}) has been already used, duplicate ignored

\@EveryShipout@Output ...@Org@Shipout \box \@cclv 
                                                  
l.225 \newpage
               <./Ej5q50.png (PNG copy)>]
Package babel Info: Redefining spanish shorthand <<
(babel)             in language append on input line 227.
Package babel Info: Redefining spanish shorthand >>
(babel)             in language append on input line 227.
Package babel Info: Redefining spanish shorthand "=
(babel)             in language append on input line 227.
Package babel Info: Redefining spanish shorthand "~
(babel)             in language append on input line 227.
Package babel Info: Redefining spanish shorthand "!
(babel)             in language append on input line 227.
Package babel Info: Redefining spanish shorthand "?
(babel)             in language append on input line 227.

<Ej6.png, id=143, 1030.85126pt x 157.58875pt>
File: Ej6.png Graphic file (type png)
 <use Ej6.png>
Package pdftex.def Info: Ej6.png used on input line 232.
(pdftex.def)             Requested size: 515.42436pt x 78.79417pt.

Overfull \hbox (49.31682pt too wide) in paragraph at lines 232--233
[][]
 []

Package babel Info: Redefining spanish shorthand <<
(babel)             in language append on input line 236.
Package babel Info: Redefining spanish shorthand >>
(babel)             in language append on input line 236.
Package babel Info: Redefining spanish shorthand "=
(babel)             in language append on input line 236.
Package babel Info: Redefining spanish shorthand "~
(babel)             in language append on input line 236.
Package babel Info: Redefining spanish shorthand "!
(babel)             in language append on input line 236.
Package babel Info: Redefining spanish shorthand "?
(babel)             in language append on input line 236.

Underfull \hbox (badness 10000) in paragraph at lines 238--239

 []


Underfull \hbox (badness 10000) in paragraph at lines 240--241

 []

Package babel Info: Redefining spanish shorthand <<
(babel)             in language append on input line 244.
Package babel Info: Redefining spanish shorthand >>
(babel)             in language append on input line 244.
Package babel Info: Redefining spanish shorthand "=
(babel)             in language append on input line 244.
Package babel Info: Redefining spanish shorthand "~
(babel)             in language append on input line 244.
Package babel Info: Redefining spanish shorthand "!
(babel)             in language append on input line 244.
Package babel Info: Redefining spanish shorthand "?
(babel)             in language append on input line 244.
Package babel Info: Redefining spanish shorthand <<
(babel)             in language append on input line 248.
Package babel Info: Redefining spanish shorthand >>
(babel)             in language append on input line 248.
Package babel Info: Redefining spanish shorthand "=
(babel)             in language append on input line 248.
Package babel Info: Redefining spanish shorthand "~
(babel)             in language append on input line 248.
Package babel Info: Redefining spanish shorthand "!
(babel)             in language append on input line 248.
Package babel Info: Redefining spanish shorthand "?
(babel)             in language append on input line 248.
Package babel Info: Redefining spanish shorthand <<
(babel)             in language append on input line 253.
Package babel Info: Redefining spanish shorthand >>
(babel)             in language append on input line 253.
Package babel Info: Redefining spanish shorthand "=
(babel)             in language append on input line 253.
Package babel Info: Redefining spanish shorthand "~
(babel)             in language append on input line 253.
Package babel Info: Redefining spanish shorthand "!
(babel)             in language append on input line 253.
Package babel Info: Redefining spanish shorthand "?
(babel)             in language append on input line 253.
Package babel Info: Redefining spanish shorthand <<
(babel)             in language append on input line 253.
Package babel Info: Redefining spanish shorthand >>
(babel)             in language append on input line 253.
Package babel Info: Redefining spanish shorthand "=
(babel)             in language append on input line 253.
Package babel Info: Redefining spanish shorthand "~
(babel)             in language append on input line 253.
Package babel Info: Redefining spanish shorthand "!
(babel)             in language append on input line 253.
Package babel Info: Redefining spanish shorthand "?
(babel)             in language append on input line 253.
[9pdfTeX warning (ext4): destination with the same identifier (name{figure.9}) 
has been already used, duplicate ignored

\@EveryShipout@Output ...@Org@Shipout \box \@cclv 
                                                  
l.253 \item \textbf
                   {Pasar como parmentro al scheduler un $0$} <./Ej6.png (PNG
 copy)>] <Ej7Ej1.png, id=149, 1030.85126pt x 157.58875pt>
File: Ej7Ej1.png Graphic file (type png)
 <use Ej7Ej1.png>
Package pdftex.def Info: Ej7Ej1.png used on input line 262.
(pdftex.def)             Requested size: 515.42436pt x 78.79417pt.

Overfull \hbox (49.31682pt too wide) in paragraph at lines 262--263
[][]
 []

<Ej7Ej2.png, id=150, 1030.85126pt x 157.58875pt>
File: Ej7Ej2.png Graphic file (type png)
 <use Ej7Ej2.png>
Package pdftex.def Info: Ej7Ej2.png used on input line 272.
(pdftex.def)             Requested size: 515.42436pt x 78.79417pt.

Overfull \hbox (49.31682pt too wide) in paragraph at lines 272--273
[][]
 []

Package babel Info: Redefining spanish shorthand <<
(babel)             in language append on input line 280.
Package babel Info: Redefining spanish shorthand >>
(babel)             in language append on input line 280.
Package babel Info: Redefining spanish shorthand "=
(babel)             in language append on input line 280.
Package babel Info: Redefining spanish shorthand "~
(babel)             in language append on input line 280.
Package babel Info: Redefining spanish shorthand "!
(babel)             in language append on input line 280.
Package babel Info: Redefining spanish shorthand "?
(babel)             in language append on input line 280.

Underfull \hbox (badness 10000) in paragraph at lines 281--282

 []

<Ej8PeorCaso.png, id=151, 1030.85126pt x 187.70125pt>
File: Ej8PeorCaso.png Graphic file (type png)
 <use Ej8PeorCaso.png>
Package pdftex.def Info: Ej8PeorCaso.png used on input line 289.
(pdftex.def)             Requested size: 515.42436pt x 93.85039pt.

Overfull \hbox (49.31682pt too wide) in paragraph at lines 289--290
[][]
 []

Package babel Info: Redefining spanish shorthand <<
(babel)             in language append on input line 292.
Package babel Info: Redefining spanish shorthand >>
(babel)             in language append on input line 292.
Package babel Info: Redefining spanish shorthand "=
(babel)             in language append on input line 292.
Package babel Info: Redefining spanish shorthand "~
(babel)             in language append on input line 292.
Package babel Info: Redefining spanish shorthand "!
(babel)             in language append on input line 292.
Package babel Info: Redefining spanish shorthand "?
(babel)             in language append on input line 292.
Package babel Info: Redefining spanish shorthand <<
(babel)             in language append on input line 292.
Package babel Info: Redefining spanish shorthand >>
(babel)             in language append on input line 292.
Package babel Info: Redefining spanish shorthand "=
(babel)             in language append on input line 292.
Package babel Info: Redefining spanish shorthand "~
(babel)             in language append on input line 292.
Package babel Info: Redefining spanish shorthand "!
(babel)             in language append on input line 292.
Package babel Info: Redefining spanish shorthand "?
(babel)             in language append on input line 292.
[10pdfTeX warning (ext4): destination with the same identifier (name{figure.10}
) has been already used, duplicate ignored

\@EveryShipout@Output ...@Org@Shipout \box \@cclv 
                                                  
l.292 
      pdfTeX warning (ext4): destination with the same identifier (name{figure.
11}) has been already used, duplicate ignored

\@EveryShipout@Output ...@Org@Shipout \box \@cclv 
                                                  
l.292 
       <./Ej7Ej1.png (PNG copy)> <./Ej7Ej2.png (PNG copy)>]
<Ej8PeorCasoRR.png, id=161, 1030.85126pt x 187.70125pt>
File: Ej8PeorCasoRR.png Graphic file (type png)

<use Ej8PeorCasoRR.png>
Package pdftex.def Info: Ej8PeorCasoRR.png used on input line 299.
(pdftex.def)             Requested size: 515.42436pt x 93.85039pt.

Overfull \hbox (49.31682pt too wide) in paragraph at lines 299--300
[][]
 []

<Ej8PeorCasoFCFS.png, id=162, 1030.85126pt x 187.70125pt>
File: Ej8PeorCasoFCFS.png Graphic file (type png)

<use Ej8PeorCasoFCFS.png>
Package pdftex.def Info: Ej8PeorCasoFCFS.png used on input line 307.
(pdftex.def)             Requested size: 515.42436pt x 93.85039pt.

Overfull \hbox (49.31682pt too wide) in paragraph at lines 307--308
[][]
 []

<Ej8MejorCasoRR2.png, id=163, 1030.85126pt x 549.05125pt>
File: Ej8MejorCasoRR2.png Graphic file (type png)

<use Ej8MejorCasoRR2.png>
Package pdftex.def Info: Ej8MejorCasoRR2.png used on input line 320.
(pdftex.def)             Requested size: 515.42436pt x 274.52495pt.

Overfull \hbox (49.31682pt too wide) in paragraph at lines 320--321
[][]
 []

Package babel Info: Redefining spanish shorthand <<
(babel)             in language append on input line 323.
Package babel Info: Redefining spanish shorthand >>
(babel)             in language append on input line 323.
Package babel Info: Redefining spanish shorthand "=
(babel)             in language append on input line 323.
Package babel Info: Redefining spanish shorthand "~
(babel)             in language append on input line 323.
Package babel Info: Redefining spanish shorthand "!
(babel)             in language append on input line 323.
Package babel Info: Redefining spanish shorthand "?
(babel)             in language append on input line 323.
Package babel Info: Redefining spanish shorthand <<
(babel)             in language append on input line 323.
Package babel Info: Redefining spanish shorthand >>
(babel)             in language append on input line 323.
Package babel Info: Redefining spanish shorthand "=
(babel)             in language append on input line 323.
Package babel Info: Redefining spanish shorthand "~
(babel)             in language append on input line 323.
Package babel Info: Redefining spanish shorthand "!
(babel)             in language append on input line 323.
Package babel Info: Redefining spanish shorthand "?
(babel)             in language append on input line 323.
[11pdfTeX warning (ext4): destination with the same identifier (name{figure.12}
) has been already used, duplicate ignored

\@EveryShipout@Output ...@Org@Shipout \box \@cclv 
                                                  
l.323 
      pdfTeX warning (ext4): destination with the same identifier (name{figure.
13}) has been already used, duplicate ignored

\@EveryShipout@Output ...@Org@Shipout \box \@cclv 
                                                  
l.323 
      pdfTeX warning (ext4): destination with the same identifier (name{figure.
14}) has been already used, duplicate ignored

\@EveryShipout@Output ...@Org@Shipout \box \@cclv 
                                                  
l.323 
       <./Ej8PeorCaso.png (PNG copy)> <./Ej8PeorCasoRR.png (PNG copy)> <./Ej8Pe
orCasoFCFS.png (PNG copy)>]
<Ej8MejorCasoRR.png, id=171, 1030.85126pt x 549.05125pt>
File: Ej8MejorCasoRR.png Graphic file (type png)

<use Ej8MejorCasoRR.png>
Package pdftex.def Info: Ej8MejorCasoRR.png used on input line 328.
(pdftex.def)             Requested size: 515.42436pt x 274.52495pt.

Overfull \hbox (49.31682pt too wide) in paragraph at lines 328--329
[][]
 []

Package babel Info: Redefining spanish shorthand <<
(babel)             in language append on input line 335.
Package babel Info: Redefining spanish shorthand >>
(babel)             in language append on input line 335.
Package babel Info: Redefining spanish shorthand "=
(babel)             in language append on input line 335.
Package babel Info: Redefining spanish shorthand "~
(babel)             in language append on input line 335.
Package babel Info: Redefining spanish shorthand "!
(babel)             in language append on input line 335.
Package babel Info: Redefining spanish shorthand "?
(babel)             in language append on input line 335.
Package babel Info: Redefining spanish shorthand <<
(babel)             in language append on input line 335.
Package babel Info: Redefining spanish shorthand >>
(babel)             in language append on input line 335.
Package babel Info: Redefining spanish shorthand "=
(babel)             in language append on input line 335.
Package babel Info: Redefining spanish shorthand "~
(babel)             in language append on input line 335.
Package babel Info: Redefining spanish shorthand "!
(babel)             in language append on input line 335.
Package babel Info: Redefining spanish shorthand "?
(babel)             in language append on input line 335.
[12pdfTeX warning (ext4): destination with the same identifier (name{figure.15}
) has been already used, duplicate ignored

\@EveryShipout@Output ...@Org@Shipout \box \@cclv 
                                                  
l.335 A
       hora veamos como correria en un contexto $FirstComeFirstServe$pdfTeX war
ning (ext4): destination with the same identifier (name{figure.16}) has been al
ready used, duplicate ignored

\@EveryShipout@Output ...@Org@Shipout \box \@cclv 
                                                  
l.335 A
       hora veamos como correria en un contexto $FirstComeFirstServe$ <./Ej8Mej
orCasoRR2.png (PNG copy)> <./Ej8MejorCasoRR.png (PNG copy)>]
<Ej8MejorCasoFCFS.png, id=179, 1030.85126pt x 549.05125pt>
File: Ej8MejorCasoFCFS.png Graphic file (type png)

<use Ej8MejorCasoFCFS.png>
Package pdftex.def Info: Ej8MejorCasoFCFS.png used on input line 340.
(pdftex.def)             Requested size: 515.42436pt x 274.52495pt.

Overfull \hbox (49.31682pt too wide) in paragraph at lines 340--341
[][]
 []

Package atveryend Info: Empty hook `BeforeClearDocument' on input line 346.
Package babel Info: Redefining spanish shorthand <<
(babel)             in language append on input line 346.
Package babel Info: Redefining spanish shorthand >>
(babel)             in language append on input line 346.
Package babel Info: Redefining spanish shorthand "=
(babel)             in language append on input line 346.
Package babel Info: Redefining spanish shorthand "~
(babel)             in language append on input line 346.
Package babel Info: Redefining spanish shorthand "!
(babel)             in language append on input line 346.
Package babel Info: Redefining spanish shorthand "?
(babel)             in language append on input line 346.
Package babel Info: Redefining spanish shorthand <<
(babel)             in language append on input line 346.
Package babel Info: Redefining spanish shorthand >>
(babel)             in language append on input line 346.
Package babel Info: Redefining spanish shorthand "=
(babel)             in language append on input line 346.
Package babel Info: Redefining spanish shorthand "~
(babel)             in language append on input line 346.
Package babel Info: Redefining spanish shorthand "!
(babel)             in language append on input line 346.
Package babel Info: Redefining spanish shorthand "?
(babel)             in language append on input line 346.
[13pdfTeX warning (ext4): destination with the same identifier (name{figure.17}
) has been already used, duplicate ignored

\@EveryShipout@Output ...@Org@Shipout \box \@cclv 
                                                  
l.346 \end{document}
                     <./Ej8MejorCasoFCFS.png (PNG copy)>]
Package atveryend Info: Empty hook `AfterLastShipout' on input line 346.
 (./informe.aux
LaTeX Info: Redefining \. on input line 23.
LaTeX Info: Redefining \% on input line 23.
)
Package atveryend Info: Executing hook `AtVeryEndDocument' on input line 346.
Package atveryend Info: Executing hook `AtEndAfterFileList' on input line 346.
Package rerunfilecheck Info: File `informe.out' has not changed.
(rerunfilecheck)             Checksum: 8026082AB6F717618CD23B3C2E22553D;772.
Package atveryend Info: Empty hook `AtVeryVeryEnd' on input line 346.
 ) 
Here is how much of TeX's memory you used:
 8184 strings out of 493109
 116407 string characters out of 6135009
 223041 words of memory out of 5000000
 11457 multiletter control sequences out of 15000+600000
 13592 words of font info for 52 fonts, out of 8000000 for 9000
 1141 hyphenation exceptions out of 8191
 33i,8n,32p,1023b,484s stack positions out of 5000i,500n,10000p,200000b,80000s
</usr/local/texlive/2014/texmf-dist/fonts/type1/public/amsfonts/cm/cmbx10.pfb
></usr/local/texlive/2014/texmf-dist/fonts/type1/public/amsfonts/cm/cmbx12.pfb>
</usr/local/texlive/2014/texmf-dist/fonts/type1/public/amsfonts/cm/cmbxti10.pfb
></usr/local/texlive/2014/texmf-dist/fonts/type1/public/amsfonts/cm/cmmi10.pfb>
</usr/local/texlive/2014/texmf-dist/fonts/type1/public/amsfonts/cm/cmr10.pfb></
usr/local/texlive/2014/texmf-dist/fonts/type1/public/amsfonts/cm/cmr12.pfb></us
r/local/texlive/2014/texmf-dist/fonts/type1/public/amsfonts/cm/cmr8.pfb></usr/l
ocal/texlive/2014/texmf-dist/fonts/type1/public/amsfonts/cm/cmss10.pfb></usr/lo
cal/texlive/2014/texmf-dist/fonts/type1/public/amsfonts/cm/cmssbx10.pfb></usr/l
ocal/texlive/2014/texmf-dist/fonts/type1/public/amsfonts/cm/cmti10.pfb></usr/lo
cal/texlive/2014/texmf-dist/fonts/type1/public/amsfonts/cm/cmtt10.pfb>
Output written on informe.pdf (14 pages, 708145 bytes).
PDF statistics:
 235 PDF objects out of 1000 (max. 8388607)
 186 compressed objects within 2 object streams
 53 named destinations out of 1000 (max. 500000)
 205 words of extra memory for PDF output out of 10000 (max. 10000000)

